<?xml version="1.0" encoding="UTF-8"?>
<testng-results skipped="0" failed="0" total="1" passed="1">
  <reporter-output>
  </reporter-output>
  <suite name="Default suite" duration-ms="2366" started-at="2015-10-02T04:46:04Z" finished-at="2015-10-02T04:46:06Z">
    <groups>
    </groups>
    <test name="Default test" duration-ms="2366" started-at="2015-10-02T04:46:04Z" finished-at="2015-10-02T04:46:06Z">
      <class name="ShotGun.Test_Sign_In_Pass">
        <test-method status="PASS" signature="openBrowser()[pri:0, instance:ShotGun.Test_Sign_In_Pass@3e8c3cb]" name="openBrowser" is-config="true" duration-ms="1074" started-at="2015-10-02T00:46:04Z" finished-at="2015-10-02T00:46:05Z">
          <reporter-output>
          </reporter-output>
        </test-method> <!-- openBrowser -->
        <test-method status="PASS" signature="SignIn()[pri:0, instance:ShotGun.Test_Sign_In_Pass@3e8c3cb]" name="SignIn" duration-ms="1274" started-at="2015-10-02T00:46:05Z" finished-at="2015-10-02T00:46:06Z">
          <reporter-output>
          </reporter-output>
        </test-method> <!-- SignIn -->
      </class> <!-- ShotGun.Test_Sign_In_Pass -->
    </test> <!-- Default test -->
  </suite> <!-- Default suite -->
</testng-results>
